<?xml version="1.0" encoding="UTF-8"?>
<testng-results total="0" passed="0" failed="0" skipped="0">
  <reporter-output>
  </reporter-output>
  <suite started-at="2022-08-18T15:47:23Z" name="Cucumber Framework" finished-at="2022-08-18T15:52:11Z" duration-ms="288122">
    <groups>
    </groups>
    <test started-at="2022-08-18T15:47:23Z" name="Cucumber Tests" finished-at="2022-08-18T15:52:11Z" duration-ms="288122">
    </test> <!-- Cucumber Tests -->
  </suite> <!-- Cucumber Framework -->
</testng-results>
